# JRE version: OpenJDK Runtime Environment Temurin-17.0.6+10 (17.0.6+10) (build 17.0.6+10)
# Java VM: OpenJDK 64-Bit Server VM Temurin-17.0.6+10 (17.0.6+10, mixed mode, tiered, compressed oops, compressed class ptrs, parallel gc, windows-amd64)
GC Precious Log:
 CPUs: 12 total, 12 available
 Memory: 16292M
 Large Page Support: Disabled
 NUMA Support: Disabled
 Compressed Oops: Enabled (32-bit)
 Alignments: Space 512K, Generation 512K, Heap 2M
 Heap Min Capacity: 100M
 Heap Initial Capacity: 100M
 Heap Max Capacity: 512M
 Pre-touch: Disabled
 Parallel Workers: 10
Heap:
 PSYoungGen      total 26112K, used 5424K [0x00000000f5580000, 0x00000000f7200000, 0x0000000100000000)
  eden space 24576K, 16% used [0x00000000f5580000,0x00000000f5966c78,0x00000000f6d80000)
  from space 1536K, 93% used [0x00000000f7080000,0x00000000f71e5560,0x00000000f7200000)
  to   space 2048K, 0% used [0x00000000f6e00000,0x00000000f6e00000,0x00000000f7000000)
 ParOldGen       total 68608K, used 6909K [0x00000000e0000000, 0x00000000e4300000, 0x00000000f5580000)
  object space 68608K, 10% used [0x00000000e0000000,0x00000000e06bf648,0x00000000e4300000)
 Metaspace       used 28196K, committed 28672K, reserved 1081344K
  class space    used 2722K, committed 2944K, reserved 1048576K
GC Heap History (14 events):
Event: 0.434 GC heap before
{Heap before GC invocations=1 (full 0):
 PSYoungGen      total 29696K, used 25600K [0x00000000f5580000, 0x00000000f7680000, 0x0000000100000000)
  eden space 25600K, 100% used [0x00000000f5580000,0x00000000f6e80000,0x00000000f6e80000)
  from space 4096K, 0% used [0x00000000f7280000,0x00000000f7280000,0x00000000f7680000)
  to   space 4096K, 0% used [0x00000000f6e80000,0x00000000f6e80000,0x00000000f7280000)
 ParOldGen       total 68608K, used 0K [0x00000000e0000000, 0x00000000e4300000, 0x00000000f5580000)
  object space 68608K, 0% used [0x00000000e0000000,0x00000000e0000000,0x00000000e4300000)
 Metaspace       used 11118K, committed 11328K, reserved 1064960K
  class space    used 1107K, committed 1216K, reserved 1048576K
}
Event: 0.437 GC heap after
{Heap after GC invocations=1 (full 0):
 PSYoungGen      total 29696K, used 3249K [0x00000000f5580000, 0x00000000f7680000, 0x0000000100000000)
  eden space 25600K, 0% used [0x00000000f5580000,0x00000000f5580000,0x00000000f6e80000)
  from space 4096K, 79% used [0x00000000f6e80000,0x00000000f71ac680,0x00000000f7280000)
  to   space 4096K, 0% used [0x00000000f7280000,0x00000000f7280000,0x00000000f7680000)
 ParOldGen       total 68608K, used 16K [0x00000000e0000000, 0x00000000e4300000, 0x00000000f5580000)
  object space 68608K, 0% used [0x00000000e0000000,0x00000000e0004000,0x00000000e4300000)
 Metaspace       used 11118K, committed 11328K, reserved 1064960K
  class space    used 1107K, committed 1216K, reserved 1048576K
}
Event: 0.675 GC heap before
{Heap before GC invocations=2 (full 0):
 PSYoungGen      total 29696K, used 28849K [0x00000000f5580000, 0x00000000f7680000, 0x0000000100000000)
  eden space 25600K, 100% used [0x00000000f5580000,0x00000000f6e80000,0x00000000f6e80000)
  from space 4096K, 79% used [0x00000000f6e80000,0x00000000f71ac680,0x00000000f7280000)
  to   space 4096K, 0% used [0x00000000f7280000,0x00000000f7280000,0x00000000f7680000)
 ParOldGen       total 68608K, used 16K [0x00000000e0000000, 0x00000000e4300000, 0x00000000f5580000)
  object space 68608K, 0% used [0x00000000e0000000,0x00000000e0004000,0x00000000e4300000)
 Metaspace       used 15364K, committed 15680K, reserved 1064960K
  class space    used 1567K, committed 1728K, reserved 1048576K
}
Event: 0.677 GC heap after
{Heap after GC invocations=2 (full 0):
 PSYoungGen      total 29696K, used 4089K [0x00000000f5580000, 0x00000000f7680000, 0x0000000100000000)
  eden space 25600K, 0% used [0x00000000f5580000,0x00000000f5580000,0x00000000f6e80000)
  from space 4096K, 99% used [0x00000000f7280000,0x00000000f767e408,0x00000000f7680000)
  to   space 4096K, 0% used [0x00000000f6e80000,0x00000000f6e80000,0x00000000f7280000)
 ParOldGen       total 68608K, used 824K [0x00000000e0000000, 0x00000000e4300000, 0x00000000f5580000)
  object space 68608K, 1% used [0x00000000e0000000,0x00000000e00ce060,0x00000000e4300000)
 Metaspace       used 15364K, committed 15680K, reserved 1064960K
  class space    used 1567K, committed 1728K, reserved 1048576K
}
Event: 0.898 GC heap before
{Heap before GC invocations=3 (full 0):
 PSYoungGen      total 29696K, used 29689K [0x00000000f5580000, 0x00000000f7680000, 0x0000000100000000)
  eden space 25600K, 100% used [0x00000000f5580000,0x00000000f6e80000,0x00000000f6e80000)
  from space 4096K, 99% used [0x00000000f7280000,0x00000000f767e408,0x00000000f7680000)
  to   space 4096K, 0% used [0x00000000f6e80000,0x00000000f6e80000,0x00000000f7280000)
 ParOldGen       total 68608K, used 824K [0x00000000e0000000, 0x00000000e4300000, 0x00000000f5580000)
  object space 68608K, 1% used [0x00000000e0000000,0x00000000e00ce060,0x00000000e4300000)
 Metaspace       used 20489K, committed 20928K, reserved 1073152K
  class space    used 2079K, committed 2240K, reserved 1048576K
}
Event: 0.901 GC heap after
{Heap after GC invocations=3 (full 0):
 PSYoungGen      total 29696K, used 4068K [0x00000000f5580000, 0x00000000f7680000, 0x0000000100000000)
  eden space 25600K, 0% used [0x00000000f5580000,0x00000000f5580000,0x00000000f6e80000)
  from space 4096K, 99% used [0x00000000f6e80000,0x00000000f72793b0,0x00000000f7280000)
  to   space 4096K, 0% used [0x00000000f7280000,0x00000000f7280000,0x00000000f7680000)
 ParOldGen       total 68608K, used 2854K [0x00000000e0000000, 0x00000000e4300000, 0x00000000f5580000)
  object space 68608K, 4% used [0x00000000e0000000,0x00000000e02c9b38,0x00000000e4300000)
 Metaspace       used 20489K, committed 20928K, reserved 1073152K
  class space    used 2079K, committed 2240K, reserved 1048576K
}
Event: 0.937 GC heap before
{Heap before GC invocations=4 (full 0):
 PSYoungGen      total 29696K, used 8053K [0x00000000f5580000, 0x00000000f7680000, 0x0000000100000000)
  eden space 25600K, 15% used [0x00000000f5580000,0x00000000f5964200,0x00000000f6e80000)
  from space 4096K, 99% used [0x00000000f6e80000,0x00000000f72793b0,0x00000000f7280000)
  to   space 4096K, 0% used [0x00000000f7280000,0x00000000f7280000,0x00000000f7680000)
 ParOldGen       total 68608K, used 2854K [0x00000000e0000000, 0x00000000e4300000, 0x00000000f5580000)
  object space 68608K, 4% used [0x00000000e0000000,0x00000000e02c9b38,0x00000000e4300000)
 Metaspace       used 21112K, committed 21504K, reserved 1073152K
  class space    used 2150K, committed 2304K, reserved 1048576K
}
Event: 0.939 GC heap after
{Heap after GC invocations=4 (full 0):
 PSYoungGen      total 29696K, used 4078K [0x00000000f5580000, 0x00000000f7680000, 0x0000000100000000)
  eden space 25600K, 0% used [0x00000000f5580000,0x00000000f5580000,0x00000000f6e80000)
  from space 4096K, 99% used [0x00000000f7280000,0x00000000f767b808,0x00000000f7680000)
  to   space 4096K, 0% used [0x00000000f6e80000,0x00000000f6e80000,0x00000000f7280000)
 ParOldGen       total 68608K, used 2982K [0x00000000e0000000, 0x00000000e4300000, 0x00000000f5580000)
  object space 68608K, 4% used [0x00000000e0000000,0x00000000e02e9b38,0x00000000e4300000)
 Metaspace       used 21112K, committed 21504K, reserved 1073152K
  class space    used 2150K, committed 2304K, reserved 1048576K
}
Event: 0.939 GC heap before
{Heap before GC invocations=5 (full 1):
 PSYoungGen      total 29696K, used 4078K [0x00000000f5580000, 0x00000000f7680000, 0x0000000100000000)
  eden space 25600K, 0% used [0x00000000f5580000,0x00000000f5580000,0x00000000f6e80000)
  from space 4096K, 99% used [0x00000000f7280000,0x00000000f767b808,0x00000000f7680000)
  to   space 4096K, 0% used [0x00000000f6e80000,0x00000000f6e80000,0x00000000f7280000)
 ParOldGen       total 68608K, used 2982K [0x00000000e0000000, 0x00000000e4300000, 0x00000000f5580000)
  object space 68608K, 4% used [0x00000000e0000000,0x00000000e02e9b38,0x00000000e4300000)
 Metaspace       used 21112K, committed 21504K, reserved 1073152K
  class space    used 2150K, committed 2304K, reserved 1048576K
}
Event: 0.950 GC heap after
{Heap after GC invocations=5 (full 1):
 PSYoungGen      total 29696K, used 0K [0x00000000f5580000, 0x00000000f7680000, 0x0000000100000000)
  eden space 25600K, 0% used [0x00000000f5580000,0x00000000f5580000,0x00000000f6e80000)
  from space 4096K, 0% used [0x00000000f7280000,0x00000000f7280000,0x00000000f7680000)
  to   space 4096K, 0% used [0x00000000f6e80000,0x00000000f6e80000,0x00000000f7280000)
 ParOldGen       total 68608K, used 6893K [0x00000000e0000000, 0x00000000e4300000, 0x00000000f5580000)
  object space 68608K, 10% used [0x00000000e0000000,0x00000000e06bb648,0x00000000e4300000)
 Metaspace       used 21099K, committed 21504K, reserved 1073152K
  class space    used 2147K, committed 2304K, reserved 1048576K
}
Event: 1.060 GC heap before
{Heap before GC invocations=6 (full 1):
 PSYoungGen      total 29696K, used 25600K [0x00000000f5580000, 0x00000000f7680000, 0x0000000100000000)
  eden space 25600K, 100% used [0x00000000f5580000,0x00000000f6e80000,0x00000000f6e80000)
  from space 4096K, 0% used [0x00000000f7280000,0x00000000f7280000,0x00000000f7680000)
  to   space 4096K, 0% used [0x00000000f6e80000,0x00000000f6e80000,0x00000000f7280000)
 ParOldGen       total 68608K, used 6893K [0x00000000e0000000, 0x00000000e4300000, 0x00000000f5580000)
  object space 68608K, 10% used [0x00000000e0000000,0x00000000e06bb648,0x00000000e4300000)
 Metaspace       used 24598K, committed 25024K, reserved 1073152K
  class space    used 2403K, committed 2560K, reserved 1048576K
}
Event: 1.061 GC heap after
{Heap after GC invocations=6 (full 1):
 PSYoungGen      total 26112K, used 695K [0x00000000f5580000, 0x00000000f7300000, 0x0000000100000000)
  eden space 25088K, 0% used [0x00000000f5580000,0x00000000f5580000,0x00000000f6e00000)
  from space 1024K, 67% used [0x00000000f6e80000,0x00000000f6f2df00,0x00000000f6f80000)
  to   space 2560K, 0% used [0x00000000f7080000,0x00000000f7080000,0x00000000f7300000)
 ParOldGen       total 68608K, used 6901K [0x00000000e0000000, 0x00000000e4300000, 0x00000000f5580000)
  object space 68608K, 10% used [0x00000000e0000000,0x00000000e06bd648,0x00000000e4300000)
 Metaspace       used 24598K, committed 25024K, reserved 1073152K
  class space    used 2403K, committed 2560K, reserved 1048576K
}
Event: 1.160 GC heap before
{Heap before GC invocations=7 (full 1):
 PSYoungGen      total 26112K, used 25783K [0x00000000f5580000, 0x00000000f7300000, 0x0000000100000000)
  eden space 25088K, 100% used [0x00000000f5580000,0x00000000f6e00000,0x00000000f6e00000)
  from space 1024K, 67% used [0x00000000f6e80000,0x00000000f6f2df00,0x00000000f6f80000)
  to   space 2560K, 0% used [0x00000000f7080000,0x00000000f7080000,0x00000000f7300000)
 ParOldGen       total 68608K, used 6901K [0x00000000e0000000, 0x00000000e4300000, 0x00000000f5580000)
  object space 68608K, 10% used [0x00000000e0000000,0x00000000e06bd648,0x00000000e4300000)
 Metaspace       used 27500K, committed 27968K, reserved 1081344K
  class space    used 2646K, committed 2816K, reserved 1048576K
}
Event: 1.161 GC heap after
{Heap after GC invocations=7 (full 1):
 PSYoungGen      total 26112K, used 1429K [0x00000000f5580000, 0x00000000f7200000, 0x0000000100000000)
  eden space 24576K, 0% used [0x00000000f5580000,0x00000000f5580000,0x00000000f6d80000)
  from space 1536K, 93% used [0x00000000f7080000,0x00000000f71e5560,0x00000000f7200000)
  to   space 2048K, 0% used [0x00000000f6e00000,0x00000000f6e00000,0x00000000f7000000)
 ParOldGen       total 68608K, used 6909K [0x00000000e0000000, 0x00000000e4300000, 0x00000000f5580000)
  object space 68608K, 10% used [0x00000000e0000000,0x00000000e06bf648,0x00000000e4300000)
 Metaspace       used 27500K, committed 27968K, reserved 1081344K
  class space    used 2646K, committed 2816K, reserved 1048576K
}

