# JRE version: OpenJDK Runtime Environment Temurin-17.0.6+10 (17.0.6+10) (build 17.0.6+10)
# Java VM: OpenJDK 64-Bit Server VM Temurin-17.0.6+10 (17.0.6+10, mixed mode, emulated-client, tiered, compressed oops, compressed class ptrs, g1 gc, windows-amd64)
GC Precious Log:
 CPUs: 12 total, 12 available
 Memory: 16292M
 Large Page Support: Disabled
 NUMA Support: Disabled
 Compressed Oops: Enabled (32-bit)
 Heap Region Size: 1M
 Heap Min Capacity: 8M
 Heap Initial Capacity: 256M
 Heap Max Capacity: 512M
 Pre-touch: Disabled
 Parallel Workers: 10
 Concurrent Workers: 3
 Concurrent Refinement Workers: 10
 Periodic GC: Disabled
Heap:
 garbage-first heap   total 155648K, used 72096K [0x00000000e0000000, 0x0000000100000000)
  region size 1024K, 5 young (5120K), 5 survivors (5120K)
 Metaspace       used 35758K, committed 36224K, reserved 1081344K
  class space    used 4639K, committed 4864K, reserved 1048576K
GC Heap History (20 events):
Event: 0.912 GC heap after
{Heap after GC invocations=3 (full 0):
 garbage-first heap   total 262144K, used 12476K [0x00000000e0000000, 0x0000000100000000)
  region size 1024K, 5 young (5120K), 5 survivors (5120K)
 Metaspace       used 21373K, committed 21504K, reserved 1073152K
  class space    used 2624K, committed 2688K, reserved 1048576K
}
Event: 1.055 GC heap before
{Heap before GC invocations=4 (full 0):
 garbage-first heap   total 48128K, used 33980K [0x00000000e0000000, 0x0000000100000000)
  region size 1024K, 28 young (28672K), 5 survivors (5120K)
 Metaspace       used 24965K, committed 25216K, reserved 1073152K
  class space    used 3102K, committed 3200K, reserved 1048576K
}
Event: 1.058 GC heap after
{Heap after GC invocations=5 (full 0):
 garbage-first heap   total 48128K, used 14175K [0x00000000e0000000, 0x0000000100000000)
  region size 1024K, 7 young (7168K), 7 survivors (7168K)
 Metaspace       used 24965K, committed 25216K, reserved 1073152K
  class space    used 3102K, committed 3200K, reserved 1048576K
}
Event: 1.303 GC heap before
{Heap before GC invocations=5 (full 0):
 garbage-first heap   total 48128K, used 30559K [0x00000000e0000000, 0x0000000100000000)
  region size 1024K, 24 young (24576K), 7 survivors (7168K)
 Metaspace       used 28267K, committed 28608K, reserved 1081344K
  class space    used 3574K, committed 3712K, reserved 1048576K
}
Event: 1.308 GC heap after
{Heap after GC invocations=6 (full 0):
 garbage-first heap   total 48128K, used 15184K [0x00000000e0000000, 0x0000000100000000)
  region size 1024K, 2 young (2048K), 2 survivors (2048K)
 Metaspace       used 28267K, committed 28608K, reserved 1081344K
  class space    used 3574K, committed 3712K, reserved 1048576K
}
Event: 1.464 GC heap before
{Heap before GC invocations=6 (full 0):
 garbage-first heap   total 48128K, used 31568K [0x00000000e0000000, 0x0000000100000000)
  region size 1024K, 19 young (19456K), 2 survivors (2048K)
 Metaspace       used 30507K, committed 30848K, reserved 1081344K
  class space    used 3882K, committed 4032K, reserved 1048576K
}
Event: 1.468 GC heap after
{Heap after GC invocations=7 (full 0):
 garbage-first heap   total 48128K, used 17058K [0x00000000e0000000, 0x0000000100000000)
  region size 1024K, 3 young (3072K), 3 survivors (3072K)
 Metaspace       used 30507K, committed 30848K, reserved 1081344K
  class space    used 3882K, committed 4032K, reserved 1048576K
}
Event: 1.701 GC heap before
{Heap before GC invocations=7 (full 0):
 garbage-first heap   total 48128K, used 33442K [0x00000000e0000000, 0x0000000100000000)
  region size 1024K, 20 young (20480K), 3 survivors (3072K)
 Metaspace       used 33906K, committed 34240K, reserved 1081344K
  class space    used 4392K, committed 4544K, reserved 1048576K
}
Event: 1.704 GC heap after
{Heap after GC invocations=8 (full 0):
 garbage-first heap   total 155648K, used 18888K [0x00000000e0000000, 0x0000000100000000)
  region size 1024K, 2 young (2048K), 2 survivors (2048K)
 Metaspace       used 33906K, committed 34240K, reserved 1081344K
  class space    used 4392K, committed 4544K, reserved 1048576K
}
Event: 1.922 GC heap before
{Heap before GC invocations=8 (full 0):
 garbage-first heap   total 155648K, used 110024K [0x00000000e0000000, 0x0000000100000000)
  region size 1024K, 91 young (93184K), 2 survivors (2048K)
 Metaspace       used 35551K, committed 35968K, reserved 1081344K
  class space    used 4615K, committed 4800K, reserved 1048576K
}
Event: 1.928 GC heap after
{Heap after GC invocations=9 (full 0):
 garbage-first heap   total 155648K, used 35831K [0x00000000e0000000, 0x0000000100000000)
  region size 1024K, 12 young (12288K), 12 survivors (12288K)
 Metaspace       used 35551K, committed 35968K, reserved 1081344K
  class space    used 4615K, committed 4800K, reserved 1048576K
}
Event: 2.053 GC heap before
{Heap before GC invocations=9 (full 0):
 garbage-first heap   total 155648K, used 97271K [0x00000000e0000000, 0x0000000100000000)
  region size 1024K, 71 young (72704K), 12 survivors (12288K)
 Metaspace       used 35557K, committed 35968K, reserved 1081344K
  class space    used 4616K, committed 4800K, reserved 1048576K
}
Event: 2.062 GC heap after
{Heap after GC invocations=10 (full 0):
 garbage-first heap   total 155648K, used 53001K [0x00000000e0000000, 0x0000000100000000)
  region size 1024K, 9 young (9216K), 9 survivors (9216K)
 Metaspace       used 35557K, committed 35968K, reserved 1081344K
  class space    used 4616K, committed 4800K, reserved 1048576K
}
Event: 2.107 GC heap before
{Heap before GC invocations=10 (full 0):
 garbage-first heap   total 155648K, used 104201K [0x00000000e0000000, 0x0000000100000000)
  region size 1024K, 59 young (60416K), 9 survivors (9216K)
 Metaspace       used 35661K, committed 36096K, reserved 1081344K
  class space    used 4626K, committed 4800K, reserved 1048576K
}
Event: 2.123 GC heap after
{Heap after GC invocations=11 (full 0):
 garbage-first heap   total 155648K, used 66210K [0x00000000e0000000, 0x0000000100000000)
  region size 1024K, 8 young (8192K), 8 survivors (8192K)
 Metaspace       used 35661K, committed 36096K, reserved 1081344K
  class space    used 4626K, committed 4800K, reserved 1048576K
}
Event: 2.130 GC heap before
{Heap before GC invocations=11 (full 0):
 garbage-first heap   total 155648K, used 109218K [0x00000000e0000000, 0x0000000100000000)
  region size 1024K, 51 young (52224K), 8 survivors (8192K)
 Metaspace       used 35673K, committed 36096K, reserved 1081344K
  class space    used 4632K, committed 4800K, reserved 1048576K
}
Event: 2.133 GC heap after
{Heap after GC invocations=12 (full 0):
 garbage-first heap   total 155648K, used 70722K [0x00000000e0000000, 0x0000000100000000)
  region size 1024K, 4 young (4096K), 4 survivors (4096K)
 Metaspace       used 35673K, committed 36096K, reserved 1081344K
  class space    used 4632K, committed 4800K, reserved 1048576K
}
Event: 2.137 GC heap before
{Heap before GC invocations=12 (full 0):
 garbage-first heap   total 155648K, used 80962K [0x00000000e0000000, 0x0000000100000000)
  region size 1024K, 16 young (16384K), 4 survivors (4096K)
 Metaspace       used 35705K, committed 36160K, reserved 1081344K
  class space    used 4635K, committed 4864K, reserved 1048576K
}
Event: 2.138 GC heap after
{Heap after GC invocations=13 (full 0):
 garbage-first heap   total 155648K, used 70157K [0x00000000e0000000, 0x0000000100000000)
  region size 1024K, 3 young (3072K), 3 survivors (3072K)
 Metaspace       used 35705K, committed 36160K, reserved 1081344K
  class space    used 4635K, committed 4864K, reserved 1048576K
}
Event: 2.147 GC heap before
{Heap before GC invocations=13 (full 0):
 garbage-first heap   total 155648K, used 117261K [0x00000000e0000000, 0x0000000100000000)
  region size 1024K, 50 young (51200K), 3 survivors (3072K)
 Metaspace       used 35758K, committed 36224K, reserved 1081344K
  class space    used 4639K, committed 4864K, reserved 1048576K
}

