# JRE version: OpenJDK Runtime Environment Temurin-17.0.6+10 (17.0.6+10) (build 17.0.6+10)
# Java VM: OpenJDK 64-Bit Server VM Temurin-17.0.6+10 (17.0.6+10, mixed mode, emulated-client, tiered, compressed oops, compressed class ptrs, g1 gc, windows-amd64)
GC Precious Log:
 CPUs: 12 total, 12 available
 Memory: 16292M
 Large Page Support: Disabled
 NUMA Support: Disabled
 Compressed Oops: Enabled (32-bit)
 Heap Region Size: 1M
 Heap Min Capacity: 8M
 Heap Initial Capacity: 256M
 Heap Max Capacity: 512M
 Pre-touch: Disabled
 Parallel Workers: 10
 Concurrent Workers: 3
 Concurrent Refinement Workers: 10
 Periodic GC: Disabled
Heap:
 garbage-first heap   total 274432K, used 94739K [0x00000000e0000000, 0x0000000100000000)
  region size 1024K, 12 young (12288K), 12 survivors (12288K)
 Metaspace       used 35714K, committed 36160K, reserved 1081344K
  class space    used 4635K, committed 4864K, reserved 1048576K
GC Heap History (20 events):
Event: 2.188 GC heap after
{Heap after GC invocations=10 (full 0):
 garbage-first heap   total 155648K, used 34017K [0x00000000e0000000, 0x0000000100000000)
  region size 1024K, 11 young (11264K), 11 survivors (11264K)
 Metaspace       used 35543K, committed 35968K, reserved 1081344K
  class space    used 4609K, committed 4800K, reserved 1048576K
}
Event: 2.344 GC heap before
{Heap before GC invocations=10 (full 0):
 garbage-first heap   total 155648K, used 96481K [0x00000000e0000000, 0x0000000100000000)
  region size 1024K, 72 young (73728K), 11 survivors (11264K)
 Metaspace       used 35552K, committed 35968K, reserved 1081344K
  class space    used 4611K, committed 4800K, reserved 1048576K
}
Event: 2.354 GC heap after
{Heap after GC invocations=11 (full 0):
 garbage-first heap   total 155648K, used 53159K [0x00000000e0000000, 0x0000000100000000)
  region size 1024K, 9 young (9216K), 9 survivors (9216K)
 Metaspace       used 35552K, committed 35968K, reserved 1081344K
  class space    used 4611K, committed 4800K, reserved 1048576K
}
Event: 2.383 GC heap before
{Heap before GC invocations=11 (full 0):
 garbage-first heap   total 155648K, used 69543K [0x00000000e0000000, 0x0000000100000000)
  region size 1024K, 25 young (25600K), 9 survivors (9216K)
 Metaspace       used 35561K, committed 35968K, reserved 1081344K
  class space    used 4613K, committed 4800K, reserved 1048576K
}
Event: 2.399 GC heap after
{Heap after GC invocations=12 (full 0):
 garbage-first heap   total 155648K, used 64512K [0x00000000e0000000, 0x0000000100000000)
  region size 1024K, 8 young (8192K), 8 survivors (8192K)
 Metaspace       used 35561K, committed 35968K, reserved 1081344K
  class space    used 4613K, committed 4800K, reserved 1048576K
}
Event: 2.422 GC heap before
{Heap before GC invocations=12 (full 0):
 garbage-first heap   total 155648K, used 109568K [0x00000000e0000000, 0x0000000100000000)
  region size 1024K, 53 young (54272K), 8 survivors (8192K)
 Metaspace       used 35656K, committed 36096K, reserved 1081344K
  class space    used 4621K, committed 4800K, reserved 1048576K
}
Event: 2.428 GC heap after
{Heap after GC invocations=13 (full 0):
 garbage-first heap   total 155648K, used 68010K [0x00000000e0000000, 0x0000000100000000)
  region size 1024K, 3 young (3072K), 3 survivors (3072K)
 Metaspace       used 35656K, committed 36096K, reserved 1081344K
  class space    used 4621K, committed 4800K, reserved 1048576K
}
Event: 2.441 GC heap before
{Heap before GC invocations=13 (full 0):
 garbage-first heap   total 155648K, used 113066K [0x00000000e0000000, 0x0000000100000000)
  region size 1024K, 49 young (50176K), 3 survivors (3072K)
 Metaspace       used 35699K, committed 36096K, reserved 1081344K
  class space    used 4632K, committed 4800K, reserved 1048576K
}
Event: 2.442 GC heap after
{Heap after GC invocations=14 (full 0):
 garbage-first heap   total 155648K, used 68131K [0x00000000e0000000, 0x0000000100000000)
  region size 1024K, 4 young (4096K), 4 survivors (4096K)
 Metaspace       used 35699K, committed 36096K, reserved 1081344K
  class space    used 4632K, committed 4800K, reserved 1048576K
}
Event: 2.450 GC heap before
{Heap before GC invocations=15 (full 0):
 garbage-first heap   total 155648K, used 117283K [0x00000000e0000000, 0x0000000100000000)
  region size 1024K, 53 young (54272K), 4 survivors (4096K)
 Metaspace       used 35714K, committed 36160K, reserved 1081344K
  class space    used 4635K, committed 4864K, reserved 1048576K
}
Event: 2.452 GC heap after
{Heap after GC invocations=16 (full 0):
 garbage-first heap   total 155648K, used 70357K [0x00000000e0000000, 0x0000000100000000)
  region size 1024K, 5 young (5120K), 5 survivors (5120K)
 Metaspace       used 35714K, committed 36160K, reserved 1081344K
  class space    used 4635K, committed 4864K, reserved 1048576K
}
Event: 2.459 GC heap before
{Heap before GC invocations=16 (full 0):
 garbage-first heap   total 155648K, used 119509K [0x00000000e0000000, 0x0000000100000000)
  region size 1024K, 54 young (55296K), 5 survivors (5120K)
 Metaspace       used 35714K, committed 36160K, reserved 1081344K
  class space    used 4635K, committed 4864K, reserved 1048576K
}
Event: 2.461 GC heap after
{Heap after GC invocations=17 (full 0):
 garbage-first heap   total 274432K, used 72468K [0x00000000e0000000, 0x0000000100000000)
  region size 1024K, 5 young (5120K), 5 survivors (5120K)
 Metaspace       used 35714K, committed 36160K, reserved 1081344K
  class space    used 4635K, committed 4864K, reserved 1048576K
}
Event: 2.486 GC heap before
{Heap before GC invocations=17 (full 0):
 garbage-first heap   total 274432K, used 206612K [0x00000000e0000000, 0x0000000100000000)
  region size 1024K, 137 young (140288K), 5 survivors (5120K)
 Metaspace       used 35714K, committed 36160K, reserved 1081344K
  class space    used 4635K, committed 4864K, reserved 1048576K
}
Event: 2.488 GC heap after
{Heap after GC invocations=18 (full 0):
 garbage-first heap   total 274432K, used 77438K [0x00000000e0000000, 0x0000000100000000)
  region size 1024K, 10 young (10240K), 10 survivors (10240K)
 Metaspace       used 35714K, committed 36160K, reserved 1081344K
  class space    used 4635K, committed 4864K, reserved 1048576K
}
Event: 2.508 GC heap before
{Heap before GC invocations=18 (full 0):
 garbage-first heap   total 274432K, used 212606K [0x00000000e0000000, 0x0000000100000000)
  region size 1024K, 143 young (146432K), 10 survivors (10240K)
 Metaspace       used 35714K, committed 36160K, reserved 1081344K
  class space    used 4635K, committed 4864K, reserved 1048576K
}
Event: 2.511 GC heap after
{Heap after GC invocations=19 (full 0):
 garbage-first heap   total 274432K, used 83243K [0x00000000e0000000, 0x0000000100000000)
  region size 1024K, 15 young (15360K), 15 survivors (15360K)
 Metaspace       used 35714K, committed 36160K, reserved 1081344K
  class space    used 4635K, committed 4864K, reserved 1048576K
}
Event: 2.529 GC heap before
{Heap before GC invocations=19 (full 0):
 garbage-first heap   total 274432K, used 217387K [0x00000000e0000000, 0x0000000100000000)
  region size 1024K, 147 young (150528K), 15 survivors (15360K)
 Metaspace       used 35714K, committed 36160K, reserved 1081344K
  class space    used 4635K, committed 4864K, reserved 1048576K
}
Event: 2.534 GC heap after
{Heap after GC invocations=20 (full 0):
 garbage-first heap   total 274432K, used 89158K [0x00000000e0000000, 0x0000000100000000)
  region size 1024K, 12 young (12288K), 12 survivors (12288K)
 Metaspace       used 35714K, committed 36160K, reserved 1081344K
  class space    used 4635K, committed 4864K, reserved 1048576K
}
Event: 2.550 GC heap before
{Heap before GC invocations=20 (full 0):
 garbage-first heap   total 274432K, used 221254K [0x00000000e0000000, 0x0000000100000000)
  region size 1024K, 143 young (146432K), 12 survivors (12288K)
 Metaspace       used 35714K, committed 36160K, reserved 1081344K
  class space    used 4635K, committed 4864K, reserved 1048576K
}

