# JRE version: OpenJDK Runtime Environment Temurin-17.0.6+10 (17.0.6+10) (build 17.0.6+10)
# Java VM: OpenJDK 64-Bit Server VM Temurin-17.0.6+10 (17.0.6+10, mixed mode, emulated-client, tiered, compressed oops, compressed class ptrs, g1 gc, windows-amd64)
GC Precious Log:
 CPUs: 12 total, 12 available
 Memory: 16292M
 Large Page Support: Disabled
 NUMA Support: Disabled
 Compressed Oops: Enabled (32-bit)
 Heap Region Size: 1M
 Heap Min Capacity: 8M
 Heap Initial Capacity: 256M
 Heap Max Capacity: 512M
 Pre-touch: Disabled
 Parallel Workers: 10
 Concurrent Workers: 3
 Concurrent Refinement Workers: 10
 Periodic GC: Disabled
Heap:
 garbage-first heap   total 227328K, used 147586K [0x00000000e0000000, 0x0000000100000000)
  region size 1024K, 52 young (53248K), 6 survivors (6144K)
 Metaspace       used 69861K, committed 70400K, reserved 1114112K
  class space    used 9466K, committed 9728K, reserved 1048576K
GC Heap History (20 events):
Event: 204.381 GC heap before
{Heap before GC invocations=86 (full 11):
 garbage-first heap   total 152576K, used 118459K [0x00000000e0000000, 0x0000000100000000)
  region size 1024K, 39 young (39936K), 1 survivors (1024K)
 Metaspace       used 68988K, committed 69440K, reserved 1114112K
  class space    used 9336K, committed 9536K, reserved 1048576K
}
Event: 204.383 GC heap after
{Heap after GC invocations=87 (full 11):
 garbage-first heap   total 227328K, used 82256K [0x00000000e0000000, 0x0000000100000000)
  region size 1024K, 4 young (4096K), 4 survivors (4096K)
 Metaspace       used 68988K, committed 69440K, reserved 1114112K
  class space    used 9336K, committed 9536K, reserved 1048576K
}
Event: 205.078 GC heap before
{Heap before GC invocations=88 (full 11):
 garbage-first heap   total 227328K, used 164989K [0x00000000e0000000, 0x0000000100000000)
  region size 1024K, 85 young (87040K), 4 survivors (4096K)
 Metaspace       used 69003K, committed 69504K, reserved 1114112K
  class space    used 9340K, committed 9536K, reserved 1048576K
}
Event: 205.081 GC heap after
{Heap after GC invocations=89 (full 11):
 garbage-first heap   total 227328K, used 84577K [0x00000000e0000000, 0x0000000100000000)
  region size 1024K, 6 young (6144K), 6 survivors (6144K)
 Metaspace       used 69003K, committed 69504K, reserved 1114112K
  class space    used 9340K, committed 9536K, reserved 1048576K
}
Event: 205.087 GC heap before
{Heap before GC invocations=89 (full 11):
 garbage-first heap   total 227328K, used 89697K [0x00000000e0000000, 0x0000000100000000)
  region size 1024K, 11 young (11264K), 6 survivors (6144K)
 Metaspace       used 69003K, committed 69504K, reserved 1114112K
  class space    used 9340K, committed 9536K, reserved 1048576K
}
Event: 205.089 GC heap after
{Heap after GC invocations=90 (full 11):
 garbage-first heap   total 227328K, used 82570K [0x00000000e0000000, 0x0000000100000000)
  region size 1024K, 2 young (2048K), 2 survivors (2048K)
 Metaspace       used 69003K, committed 69504K, reserved 1114112K
  class space    used 9340K, committed 9536K, reserved 1048576K
}
Event: 206.115 GC heap before
{Heap before GC invocations=90 (full 11):
 garbage-first heap   total 227328K, used 168586K [0x00000000e0000000, 0x0000000100000000)
  region size 1024K, 86 young (88064K), 2 survivors (2048K)
 Metaspace       used 69003K, committed 69504K, reserved 1114112K
  class space    used 9340K, committed 9536K, reserved 1048576K
}
Event: 206.117 GC heap after
{Heap after GC invocations=91 (full 11):
 garbage-first heap   total 227328K, used 85224K [0x00000000e0000000, 0x0000000100000000)
  region size 1024K, 4 young (4096K), 4 survivors (4096K)
 Metaspace       used 69003K, committed 69504K, reserved 1114112K
  class space    used 9340K, committed 9536K, reserved 1048576K
}
Event: 216.453 GC heap before
{Heap before GC invocations=91 (full 11):
 garbage-first heap   total 227328K, used 173288K [0x00000000e0000000, 0x0000000100000000)
  region size 1024K, 90 young (92160K), 4 survivors (4096K)
 Metaspace       used 69012K, committed 69568K, reserved 1114112K
  class space    used 9341K, committed 9600K, reserved 1048576K
}
Event: 216.456 GC heap after
{Heap after GC invocations=92 (full 11):
 garbage-first heap   total 227328K, used 88333K [0x00000000e0000000, 0x0000000100000000)
  region size 1024K, 7 young (7168K), 7 survivors (7168K)
 Metaspace       used 69012K, committed 69568K, reserved 1114112K
  class space    used 9341K, committed 9600K, reserved 1048576K
}
Event: 218.651 GC heap before
{Heap before GC invocations=92 (full 11):
 garbage-first heap   total 227328K, used 177421K [0x00000000e0000000, 0x0000000100000000)
  region size 1024K, 94 young (96256K), 7 survivors (7168K)
 Metaspace       used 69202K, committed 69696K, reserved 1114112K
  class space    used 9369K, committed 9600K, reserved 1048576K
}
Event: 218.653 GC heap after
{Heap after GC invocations=93 (full 11):
 garbage-first heap   total 227328K, used 85785K [0x00000000e0000000, 0x0000000100000000)
  region size 1024K, 3 young (3072K), 3 survivors (3072K)
 Metaspace       used 69202K, committed 69696K, reserved 1114112K
  class space    used 9369K, committed 9600K, reserved 1048576K
}
Event: 221.390 GC heap before
{Heap before GC invocations=94 (full 11):
 garbage-first heap   total 227328K, used 179993K [0x00000000e0000000, 0x0000000100000000)
  region size 1024K, 95 young (97280K), 3 survivors (3072K)
 Metaspace       used 69212K, committed 69696K, reserved 1114112K
  class space    used 9371K, committed 9600K, reserved 1048576K
}
Event: 221.393 GC heap after
{Heap after GC invocations=95 (full 11):
 garbage-first heap   total 227328K, used 89195K [0x00000000e0000000, 0x0000000100000000)
  region size 1024K, 6 young (6144K), 6 survivors (6144K)
 Metaspace       used 69212K, committed 69696K, reserved 1114112K
  class space    used 9371K, committed 9600K, reserved 1048576K
}
Event: 221.402 GC heap before
{Heap before GC invocations=95 (full 11):
 garbage-first heap   total 227328K, used 94315K [0x00000000e0000000, 0x0000000100000000)
  region size 1024K, 11 young (11264K), 6 survivors (6144K)
 Metaspace       used 69212K, committed 69696K, reserved 1114112K
  class space    used 9371K, committed 9600K, reserved 1048576K
}
Event: 221.404 GC heap after
{Heap after GC invocations=96 (full 11):
 garbage-first heap   total 227328K, used 86568K [0x00000000e0000000, 0x0000000100000000)
  region size 1024K, 2 young (2048K), 2 survivors (2048K)
 Metaspace       used 69212K, committed 69696K, reserved 1114112K
  class space    used 9371K, committed 9600K, reserved 1048576K
}
Event: 242.072 GC heap before
{Heap before GC invocations=96 (full 11):
 garbage-first heap   total 227328K, used 180776K [0x00000000e0000000, 0x0000000100000000)
  region size 1024K, 94 young (96256K), 2 survivors (2048K)
 Metaspace       used 69315K, committed 69760K, reserved 1114112K
  class space    used 9390K, committed 9600K, reserved 1048576K
}
Event: 242.076 GC heap after
{Heap after GC invocations=97 (full 11):
 garbage-first heap   total 227328K, used 94198K [0x00000000e0000000, 0x0000000100000000)
  region size 1024K, 9 young (9216K), 9 survivors (9216K)
 Metaspace       used 69315K, committed 69760K, reserved 1114112K
  class space    used 9390K, committed 9600K, reserved 1048576K
}
Event: 242.205 GC heap before
{Heap before GC invocations=97 (full 11):
 garbage-first heap   total 227328K, used 134134K [0x00000000e0000000, 0x0000000100000000)
  region size 1024K, 49 young (50176K), 9 survivors (9216K)
 Metaspace       used 69844K, committed 70336K, reserved 1114112K
  class space    used 9461K, committed 9664K, reserved 1048576K
}
Event: 242.209 GC heap after
{Heap after GC invocations=98 (full 11):
 garbage-first heap   total 227328K, used 99458K [0x00000000e0000000, 0x0000000100000000)
  region size 1024K, 6 young (6144K), 6 survivors (6144K)
 Metaspace       used 69844K, committed 70336K, reserved 1114112K
  class space    used 9461K, committed 9664K, reserved 1048576K
}

