# JRE version: OpenJDK Runtime Environment Temurin-17.0.6+10 (17.0.6+10) (build 17.0.6+10)
# Java VM: OpenJDK 64-Bit Server VM Temurin-17.0.6+10 (17.0.6+10, mixed mode, tiered, compressed oops, compressed class ptrs, parallel gc, windows-amd64)
GC Precious Log:
 CPUs: 12 total, 12 available
 Memory: 16292M
 Large Page Support: Disabled
 NUMA Support: Disabled
 Compressed Oops: Enabled (32-bit)
 Alignments: Space 512K, Generation 512K, Heap 2M
 Heap Min Capacity: 100M
 Heap Initial Capacity: 100M
 Heap Max Capacity: 512M
 Pre-touch: Disabled
 Parallel Workers: 10
Heap:
 PSYoungGen      total 14336K, used 8613K [0x00000000f5580000, 0x00000000f6500000, 0x0000000100000000)
  eden space 12800K, 55% used [0x00000000f5580000,0x00000000f5c6a460,0x00000000f6200000)
  from space 1536K, 99% used [0x00000000f6380000,0x00000000f64ff1c8,0x00000000f6500000)
  to   space 1024K, 0% used [0x00000000f6280000,0x00000000f6280000,0x00000000f6380000)
 ParOldGen       total 87552K, used 67500K [0x00000000e0000000, 0x00000000e5580000, 0x00000000f5580000)
  object space 87552K, 77% used [0x00000000e0000000,0x00000000e41eb3c8,0x00000000e5580000)
 Metaspace       used 76072K, committed 77248K, reserved 1122304K
  class space    used 8599K, committed 9152K, reserved 1048576K
GC Heap History (20 events):
Event: 7.063 GC heap before
{Heap before GC invocations=50 (full 4):
 PSYoungGen      total 17920K, used 14336K [0x00000000f5580000, 0x00000000f6a80000, 0x0000000100000000)
  eden space 14336K, 100% used [0x00000000f5580000,0x00000000f6380000,0x00000000f6380000)
  from space 3584K, 0% used [0x00000000f6700000,0x00000000f6700000,0x00000000f6a80000)
  to   space 3584K, 0% used [0x00000000f6380000,0x00000000f6380000,0x00000000f6700000)
 ParOldGen       total 87552K, used 59880K [0x00000000e0000000, 0x00000000e5580000, 0x00000000f5580000)
  object space 87552K, 68% used [0x00000000e0000000,0x00000000e3a7a328,0x00000000e5580000)
 Metaspace       used 69370K, committed 70464K, reserved 1114112K
  class space    used 7951K, committed 8448K, reserved 1048576K
}
Event: 7.064 GC heap after
{Heap after GC invocations=50 (full 4):
 PSYoungGen      total 15872K, used 1312K [0x00000000f5580000, 0x00000000f6780000, 0x0000000100000000)
  eden space 14336K, 0% used [0x00000000f5580000,0x00000000f5580000,0x00000000f6380000)
  from space 1536K, 85% used [0x00000000f6380000,0x00000000f64c8000,0x00000000f6500000)
  to   space 2048K, 0% used [0x00000000f6580000,0x00000000f6580000,0x00000000f6780000)
 ParOldGen       total 87552K, used 59880K [0x00000000e0000000, 0x00000000e5580000, 0x00000000f5580000)
  object space 87552K, 68% used [0x00000000e0000000,0x00000000e3a7a328,0x00000000e5580000)
 Metaspace       used 69370K, committed 70464K, reserved 1114112K
  class space    used 7951K, committed 8448K, reserved 1048576K
}
Event: 7.102 GC heap before
{Heap before GC invocations=51 (full 4):
 PSYoungGen      total 15872K, used 15648K [0x00000000f5580000, 0x00000000f6780000, 0x0000000100000000)
  eden space 14336K, 100% used [0x00000000f5580000,0x00000000f6380000,0x00000000f6380000)
  from space 1536K, 85% used [0x00000000f6380000,0x00000000f64c8000,0x00000000f6500000)
  to   space 2048K, 0% used [0x00000000f6580000,0x00000000f6580000,0x00000000f6780000)
 ParOldGen       total 87552K, used 59880K [0x00000000e0000000, 0x00000000e5580000, 0x00000000f5580000)
  object space 87552K, 68% used [0x00000000e0000000,0x00000000e3a7a328,0x00000000e5580000)
 Metaspace       used 69372K, committed 70464K, reserved 1114112K
  class space    used 7951K, committed 8448K, reserved 1048576K
}
Event: 7.103 GC heap after
{Heap after GC invocations=51 (full 4):
 PSYoungGen      total 15872K, used 1398K [0x00000000f5580000, 0x00000000f6700000, 0x0000000100000000)
  eden space 14336K, 0% used [0x00000000f5580000,0x00000000f5580000,0x00000000f6380000)
  from space 1536K, 91% used [0x00000000f6580000,0x00000000f66dda70,0x00000000f6700000)
  to   space 1536K, 0% used [0x00000000f6380000,0x00000000f6380000,0x00000000f6500000)
 ParOldGen       total 87552K, used 61096K [0x00000000e0000000, 0x00000000e5580000, 0x00000000f5580000)
  object space 87552K, 69% used [0x00000000e0000000,0x00000000e3baa328,0x00000000e5580000)
 Metaspace       used 69372K, committed 70464K, reserved 1114112K
  class space    used 7951K, committed 8448K, reserved 1048576K
}
Event: 7.185 GC heap before
{Heap before GC invocations=52 (full 4):
 PSYoungGen      total 15872K, used 15734K [0x00000000f5580000, 0x00000000f6700000, 0x0000000100000000)
  eden space 14336K, 100% used [0x00000000f5580000,0x00000000f6380000,0x00000000f6380000)
  from space 1536K, 91% used [0x00000000f6580000,0x00000000f66dda70,0x00000000f6700000)
  to   space 1536K, 0% used [0x00000000f6380000,0x00000000f6380000,0x00000000f6500000)
 ParOldGen       total 87552K, used 61096K [0x00000000e0000000, 0x00000000e5580000, 0x00000000f5580000)
  object space 87552K, 69% used [0x00000000e0000000,0x00000000e3baa328,0x00000000e5580000)
 Metaspace       used 69885K, committed 70976K, reserved 1114112K
  class space    used 8003K, committed 8512K, reserved 1048576K
}
Event: 7.186 GC heap after
{Heap after GC invocations=52 (full 4):
 PSYoungGen      total 15872K, used 1344K [0x00000000f5580000, 0x00000000f6680000, 0x0000000100000000)
  eden space 14336K, 0% used [0x00000000f5580000,0x00000000f5580000,0x00000000f6380000)
  from space 1536K, 87% used [0x00000000f6380000,0x00000000f64d0000,0x00000000f6500000)
  to   space 1536K, 0% used [0x00000000f6500000,0x00000000f6500000,0x00000000f6680000)
 ParOldGen       total 87552K, used 62264K [0x00000000e0000000, 0x00000000e5580000, 0x00000000f5580000)
  object space 87552K, 71% used [0x00000000e0000000,0x00000000e3cce328,0x00000000e5580000)
 Metaspace       used 69885K, committed 70976K, reserved 1114112K
  class space    used 8003K, committed 8512K, reserved 1048576K
}
Event: 7.213 GC heap before
{Heap before GC invocations=53 (full 4):
 PSYoungGen      total 15872K, used 15680K [0x00000000f5580000, 0x00000000f6680000, 0x0000000100000000)
  eden space 14336K, 100% used [0x00000000f5580000,0x00000000f6380000,0x00000000f6380000)
  from space 1536K, 87% used [0x00000000f6380000,0x00000000f64d0000,0x00000000f6500000)
  to   space 1536K, 0% used [0x00000000f6500000,0x00000000f6500000,0x00000000f6680000)
 ParOldGen       total 87552K, used 62264K [0x00000000e0000000, 0x00000000e5580000, 0x00000000f5580000)
  object space 87552K, 71% used [0x00000000e0000000,0x00000000e3cce328,0x00000000e5580000)
 Metaspace       used 69933K, committed 71040K, reserved 1114112K
  class space    used 8004K, committed 8512K, reserved 1048576K
}
Event: 7.214 GC heap after
{Heap after GC invocations=53 (full 4):
 PSYoungGen      total 14336K, used 1525K [0x00000000f5580000, 0x00000000f6980000, 0x0000000100000000)
  eden space 12800K, 0% used [0x00000000f5580000,0x00000000f5580000,0x00000000f6200000)
  from space 1536K, 99% used [0x00000000f6500000,0x00000000f667d408,0x00000000f6680000)
  to   space 3072K, 0% used [0x00000000f6200000,0x00000000f6200000,0x00000000f6500000)
 ParOldGen       total 87552K, used 63364K [0x00000000e0000000, 0x00000000e5580000, 0x00000000f5580000)
  object space 87552K, 72% used [0x00000000e0000000,0x00000000e3de10a0,0x00000000e5580000)
 Metaspace       used 69933K, committed 71040K, reserved 1114112K
  class space    used 8004K, committed 8512K, reserved 1048576K
}
Event: 7.234 GC heap before
{Heap before GC invocations=54 (full 4):
 PSYoungGen      total 14336K, used 14325K [0x00000000f5580000, 0x00000000f6980000, 0x0000000100000000)
  eden space 12800K, 100% used [0x00000000f5580000,0x00000000f6200000,0x00000000f6200000)
  from space 1536K, 99% used [0x00000000f6500000,0x00000000f667d408,0x00000000f6680000)
  to   space 3072K, 0% used [0x00000000f6200000,0x00000000f6200000,0x00000000f6500000)
 ParOldGen       total 87552K, used 63364K [0x00000000e0000000, 0x00000000e5580000, 0x00000000f5580000)
  object space 87552K, 72% used [0x00000000e0000000,0x00000000e3de10a0,0x00000000e5580000)
 Metaspace       used 69937K, committed 71040K, reserved 1114112K
  class space    used 8004K, committed 8512K, reserved 1048576K
}
Event: 7.235 GC heap after
{Heap after GC invocations=54 (full 4):
 PSYoungGen      total 13824K, used 941K [0x00000000f5580000, 0x00000000f6600000, 0x0000000100000000)
  eden space 12800K, 0% used [0x00000000f5580000,0x00000000f5580000,0x00000000f6200000)
  from space 1024K, 91% used [0x00000000f6200000,0x00000000f62eb6e8,0x00000000f6300000)
  to   space 2048K, 0% used [0x00000000f6400000,0x00000000f6400000,0x00000000f6600000)
 ParOldGen       total 87552K, used 64447K [0x00000000e0000000, 0x00000000e5580000, 0x00000000f5580000)
  object space 87552K, 73% used [0x00000000e0000000,0x00000000e3eeffd0,0x00000000e5580000)
 Metaspace       used 69937K, committed 71040K, reserved 1114112K
  class space    used 8004K, committed 8512K, reserved 1048576K
}
Event: 7.291 GC heap before
{Heap before GC invocations=55 (full 4):
 PSYoungGen      total 13824K, used 13741K [0x00000000f5580000, 0x00000000f6600000, 0x0000000100000000)
  eden space 12800K, 100% used [0x00000000f5580000,0x00000000f6200000,0x00000000f6200000)
  from space 1024K, 91% used [0x00000000f6200000,0x00000000f62eb6e8,0x00000000f6300000)
  to   space 2048K, 0% used [0x00000000f6400000,0x00000000f6400000,0x00000000f6600000)
 ParOldGen       total 87552K, used 64447K [0x00000000e0000000, 0x00000000e5580000, 0x00000000f5580000)
  object space 87552K, 73% used [0x00000000e0000000,0x00000000e3eeffd0,0x00000000e5580000)
 Metaspace       used 71165K, committed 72256K, reserved 1114112K
  class space    used 8114K, committed 8640K, reserved 1048576K
}
Event: 7.292 GC heap after
{Heap after GC invocations=55 (full 4):
 PSYoungGen      total 13312K, used 352K [0x00000000f5580000, 0x00000000f6480000, 0x0000000100000000)
  eden space 12800K, 0% used [0x00000000f5580000,0x00000000f5580000,0x00000000f6200000)
  from space 512K, 68% used [0x00000000f6400000,0x00000000f6458010,0x00000000f6480000)
  to   space 1024K, 0% used [0x00000000f6280000,0x00000000f6280000,0x00000000f6380000)
 ParOldGen       total 87552K, used 64471K [0x00000000e0000000, 0x00000000e5580000, 0x00000000f5580000)
  object space 87552K, 73% used [0x00000000e0000000,0x00000000e3ef5fd0,0x00000000e5580000)
 Metaspace       used 71165K, committed 72256K, reserved 1114112K
  class space    used 8114K, committed 8640K, reserved 1048576K
}
Event: 7.383 GC heap before
{Heap before GC invocations=56 (full 4):
 PSYoungGen      total 13312K, used 13152K [0x00000000f5580000, 0x00000000f6480000, 0x0000000100000000)
  eden space 12800K, 99% used [0x00000000f5580000,0x00000000f61ffff0,0x00000000f6200000)
  from space 512K, 68% used [0x00000000f6400000,0x00000000f6458010,0x00000000f6480000)
  to   space 1024K, 0% used [0x00000000f6280000,0x00000000f6280000,0x00000000f6380000)
 ParOldGen       total 87552K, used 64471K [0x00000000e0000000, 0x00000000e5580000, 0x00000000f5580000)
  object space 87552K, 73% used [0x00000000e0000000,0x00000000e3ef5fd0,0x00000000e5580000)
 Metaspace       used 72089K, committed 73280K, reserved 1114112K
  class space    used 8188K, committed 8704K, reserved 1048576K
}
Event: 7.385 GC heap after
{Heap after GC invocations=56 (full 4):
 PSYoungGen      total 13824K, used 993K [0x00000000f5580000, 0x00000000f6500000, 0x0000000100000000)
  eden space 12800K, 0% used [0x00000000f5580000,0x00000000f5580000,0x00000000f6200000)
  from space 1024K, 97% used [0x00000000f6280000,0x00000000f63785a0,0x00000000f6380000)
  to   space 1536K, 0% used [0x00000000f6380000,0x00000000f6380000,0x00000000f6500000)
 ParOldGen       total 87552K, used 64815K [0x00000000e0000000, 0x00000000e5580000, 0x00000000f5580000)
  object space 87552K, 74% used [0x00000000e0000000,0x00000000e3f4bfd0,0x00000000e5580000)
 Metaspace       used 72089K, committed 73280K, reserved 1114112K
  class space    used 8188K, committed 8704K, reserved 1048576K
}
Event: 7.487 GC heap before
{Heap before GC invocations=57 (full 4):
 PSYoungGen      total 13824K, used 13793K [0x00000000f5580000, 0x00000000f6500000, 0x0000000100000000)
  eden space 12800K, 100% used [0x00000000f5580000,0x00000000f6200000,0x00000000f6200000)
  from space 1024K, 97% used [0x00000000f6280000,0x00000000f63785a0,0x00000000f6380000)
  to   space 1536K, 0% used [0x00000000f6380000,0x00000000f6380000,0x00000000f6500000)
 ParOldGen       total 87552K, used 64815K [0x00000000e0000000, 0x00000000e5580000, 0x00000000f5580000)
  object space 87552K, 74% used [0x00000000e0000000,0x00000000e3f4bfd0,0x00000000e5580000)
 Metaspace       used 73264K, committed 74432K, reserved 1122304K
  class space    used 8301K, committed 8832K, reserved 1048576K
}
Event: 7.488 GC heap after
{Heap after GC invocations=57 (full 4):
 PSYoungGen      total 13824K, used 519K [0x00000000f5580000, 0x00000000f6480000, 0x0000000100000000)
  eden space 12800K, 0% used [0x00000000f5580000,0x00000000f5580000,0x00000000f6200000)
  from space 1024K, 50% used [0x00000000f6380000,0x00000000f6401f60,0x00000000f6480000)
  to   space 1024K, 0% used [0x00000000f6280000,0x00000000f6280000,0x00000000f6380000)
 ParOldGen       total 87552K, used 65797K [0x00000000e0000000, 0x00000000e5580000, 0x00000000f5580000)
  object space 87552K, 75% used [0x00000000e0000000,0x00000000e4041790,0x00000000e5580000)
 Metaspace       used 73264K, committed 74432K, reserved 1122304K
  class space    used 8301K, committed 8832K, reserved 1048576K
}
Event: 7.710 GC heap before
{Heap before GC invocations=58 (full 4):
 PSYoungGen      total 13824K, used 13319K [0x00000000f5580000, 0x00000000f6480000, 0x0000000100000000)
  eden space 12800K, 100% used [0x00000000f5580000,0x00000000f6200000,0x00000000f6200000)
  from space 1024K, 50% used [0x00000000f6380000,0x00000000f6401f60,0x00000000f6480000)
  to   space 1024K, 0% used [0x00000000f6280000,0x00000000f6280000,0x00000000f6380000)
 ParOldGen       total 87552K, used 65797K [0x00000000e0000000, 0x00000000e5580000, 0x00000000f5580000)
  object space 87552K, 75% used [0x00000000e0000000,0x00000000e4041790,0x00000000e5580000)
 Metaspace       used 74584K, committed 75776K, reserved 1122304K
  class space    used 8394K, committed 8960K, reserved 1048576K
}
Event: 7.711 GC heap after
{Heap after GC invocations=58 (full 4):
 PSYoungGen      total 13824K, used 1004K [0x00000000f5580000, 0x00000000f6500000, 0x0000000100000000)
  eden space 12800K, 0% used [0x00000000f5580000,0x00000000f5580000,0x00000000f6200000)
  from space 1024K, 98% used [0x00000000f6280000,0x00000000f637b3f8,0x00000000f6380000)
  to   space 1536K, 0% used [0x00000000f6380000,0x00000000f6380000,0x00000000f6500000)
 ParOldGen       total 87552K, used 65909K [0x00000000e0000000, 0x00000000e5580000, 0x00000000f5580000)
  object space 87552K, 75% used [0x00000000e0000000,0x00000000e405d790,0x00000000e5580000)
 Metaspace       used 74584K, committed 75776K, reserved 1122304K
  class space    used 8394K, committed 8960K, reserved 1048576K
}
Event: 7.766 GC heap before
{Heap before GC invocations=59 (full 4):
 PSYoungGen      total 13824K, used 13749K [0x00000000f5580000, 0x00000000f6500000, 0x0000000100000000)
  eden space 12800K, 99% used [0x00000000f5580000,0x00000000f61f2318,0x00000000f6200000)
  from space 1024K, 98% used [0x00000000f6280000,0x00000000f637b3f8,0x00000000f6380000)
  to   space 1536K, 0% used [0x00000000f6380000,0x00000000f6380000,0x00000000f6500000)
 ParOldGen       total 87552K, used 65909K [0x00000000e0000000, 0x00000000e5580000, 0x00000000f5580000)
  object space 87552K, 75% used [0x00000000e0000000,0x00000000e405d790,0x00000000e5580000)
 Metaspace       used 75512K, committed 76672K, reserved 1122304K
  class space    used 8502K, committed 9024K, reserved 1048576K
}
Event: 7.767 GC heap after
{Heap after GC invocations=59 (full 4):
 PSYoungGen      total 14336K, used 1532K [0x00000000f5580000, 0x00000000f6500000, 0x0000000100000000)
  eden space 12800K, 0% used [0x00000000f5580000,0x00000000f5580000,0x00000000f6200000)
  from space 1536K, 99% used [0x00000000f6380000,0x00000000f64ff1c8,0x00000000f6500000)
  to   space 1024K, 0% used [0x00000000f6280000,0x00000000f6280000,0x00000000f6380000)
 ParOldGen       total 87552K, used 67500K [0x00000000e0000000, 0x00000000e5580000, 0x00000000f5580000)
  object space 87552K, 77% used [0x00000000e0000000,0x00000000e41eb3c8,0x00000000e5580000)
 Metaspace       used 75512K, committed 76672K, reserved 1122304K
  class space    used 8502K, committed 9024K, reserved 1048576K
}

