# JRE version: OpenJDK Runtime Environment Temurin-17.0.6+10 (17.0.6+10) (build 17.0.6+10)
# Java VM: OpenJDK 64-Bit Server VM Temurin-17.0.6+10 (17.0.6+10, mixed mode, emulated-client, tiered, compressed oops, compressed class ptrs, g1 gc, windows-amd64)
GC Precious Log:
 CPUs: 12 total, 12 available
 Memory: 16292M
 Large Page Support: Disabled
 NUMA Support: Disabled
 Compressed Oops: Enabled (32-bit)
 Heap Region Size: 1M
 Heap Min Capacity: 8M
 Heap Initial Capacity: 256M
 Heap Max Capacity: 512M
 Pre-touch: Disabled
 Parallel Workers: 10
 Concurrent Workers: 3
 Concurrent Refinement Workers: 10
 Periodic GC: Disabled
Heap:
 garbage-first heap   total 155648K, used 70721K [0x00000000e0000000, 0x0000000100000000)
  region size 1024K, 3 young (3072K), 3 survivors (3072K)
 Metaspace       used 35725K, committed 36160K, reserved 1081344K
  class space    used 4632K, committed 4800K, reserved 1048576K
GC Heap History (20 events):
Event: 1.038 GC heap after
{Heap after GC invocations=5 (full 0):
 garbage-first heap   total 48128K, used 13937K [0x00000000e0000000, 0x0000000100000000)
  region size 1024K, 7 young (7168K), 7 survivors (7168K)
 Metaspace       used 24964K, committed 25216K, reserved 1073152K
  class space    used 3101K, committed 3200K, reserved 1048576K
}
Event: 1.052 GC heap before
{Heap before GC invocations=5 (full 0):
 garbage-first heap   total 48128K, used 14961K [0x00000000e0000000, 0x0000000100000000)
  region size 1024K, 8 young (8192K), 7 survivors (7168K)
 Metaspace       used 25102K, committed 25408K, reserved 1073152K
  class space    used 3123K, committed 3264K, reserved 1048576K
}
Event: 1.056 GC heap after
{Heap after GC invocations=6 (full 0):
 garbage-first heap   total 48128K, used 14180K [0x00000000e0000000, 0x0000000100000000)
  region size 1024K, 1 young (1024K), 1 survivors (1024K)
 Metaspace       used 25102K, committed 25408K, reserved 1073152K
  class space    used 3123K, committed 3264K, reserved 1048576K
}
Event: 1.286 GC heap before
{Heap before GC invocations=6 (full 0):
 garbage-first heap   total 48128K, used 31588K [0x00000000e0000000, 0x0000000100000000)
  region size 1024K, 19 young (19456K), 1 survivors (1024K)
 Metaspace       used 28629K, committed 28928K, reserved 1081344K
  class space    used 3625K, committed 3776K, reserved 1048576K
}
Event: 1.289 GC heap after
{Heap after GC invocations=7 (full 0):
 garbage-first heap   total 48128K, used 14462K [0x00000000e0000000, 0x0000000100000000)
  region size 1024K, 2 young (2048K), 2 survivors (2048K)
 Metaspace       used 28629K, committed 28928K, reserved 1081344K
  class space    used 3625K, committed 3776K, reserved 1048576K
}
Event: 1.450 GC heap before
{Heap before GC invocations=7 (full 0):
 garbage-first heap   total 48128K, used 31870K [0x00000000e0000000, 0x0000000100000000)
  region size 1024K, 20 young (20480K), 2 survivors (2048K)
 Metaspace       used 31207K, committed 31488K, reserved 1081344K
  class space    used 3974K, committed 4096K, reserved 1048576K
}
Event: 1.453 GC heap after
{Heap after GC invocations=8 (full 0):
 garbage-first heap   total 48128K, used 16585K [0x00000000e0000000, 0x0000000100000000)
  region size 1024K, 3 young (3072K), 3 survivors (3072K)
 Metaspace       used 31207K, committed 31488K, reserved 1081344K
  class space    used 3974K, committed 4096K, reserved 1048576K
}
Event: 1.675 GC heap before
{Heap before GC invocations=8 (full 0):
 garbage-first heap   total 48128K, used 33993K [0x00000000e0000000, 0x0000000100000000)
  region size 1024K, 20 young (20480K), 3 survivors (3072K)
 Metaspace       used 34429K, committed 34816K, reserved 1081344K
  class space    used 4471K, committed 4608K, reserved 1048576K
}
Event: 1.677 GC heap after
{Heap after GC invocations=9 (full 0):
 garbage-first heap   total 155648K, used 18440K [0x00000000e0000000, 0x0000000100000000)
  region size 1024K, 2 young (2048K), 2 survivors (2048K)
 Metaspace       used 34429K, committed 34816K, reserved 1081344K
  class space    used 4471K, committed 4608K, reserved 1048576K
}
Event: 1.847 GC heap before
{Heap before GC invocations=9 (full 0):
 garbage-first heap   total 155648K, used 104456K [0x00000000e0000000, 0x0000000100000000)
  region size 1024K, 87 young (89088K), 2 survivors (2048K)
 Metaspace       used 35543K, committed 35968K, reserved 1081344K
  class space    used 4609K, committed 4800K, reserved 1048576K
}
Event: 1.853 GC heap after
{Heap after GC invocations=10 (full 0):
 garbage-first heap   total 155648K, used 33632K [0x00000000e0000000, 0x0000000100000000)
  region size 1024K, 11 young (11264K), 11 survivors (11264K)
 Metaspace       used 35543K, committed 35968K, reserved 1081344K
  class space    used 4609K, committed 4800K, reserved 1048576K
}
Event: 1.969 GC heap before
{Heap before GC invocations=10 (full 0):
 garbage-first heap   total 155648K, used 96096K [0x00000000e0000000, 0x0000000100000000)
  region size 1024K, 72 young (73728K), 11 survivors (11264K)
 Metaspace       used 35552K, committed 35968K, reserved 1081344K
  class space    used 4611K, committed 4800K, reserved 1048576K
}
Event: 1.978 GC heap after
{Heap after GC invocations=11 (full 0):
 garbage-first heap   total 155648K, used 52062K [0x00000000e0000000, 0x0000000100000000)
  region size 1024K, 9 young (9216K), 9 survivors (9216K)
 Metaspace       used 35552K, committed 35968K, reserved 1081344K
  class space    used 4611K, committed 4800K, reserved 1048576K
}
Event: 2.017 GC heap before
{Heap before GC invocations=11 (full 0):
 garbage-first heap   total 155648K, used 103262K [0x00000000e0000000, 0x0000000100000000)
  region size 1024K, 59 young (60416K), 9 survivors (9216K)
 Metaspace       used 35649K, committed 36096K, reserved 1081344K
  class space    used 4621K, committed 4800K, reserved 1048576K
}
Event: 2.032 GC heap after
{Heap after GC invocations=12 (full 0):
 garbage-first heap   total 155648K, used 64816K [0x00000000e0000000, 0x0000000100000000)
  region size 1024K, 8 young (8192K), 8 survivors (8192K)
 Metaspace       used 35649K, committed 36096K, reserved 1081344K
  class space    used 4621K, committed 4800K, reserved 1048576K
}
Event: 2.040 GC heap before
{Heap before GC invocations=12 (full 0):
 garbage-first heap   total 155648K, used 108848K [0x00000000e0000000, 0x0000000100000000)
  region size 1024K, 52 young (53248K), 8 survivors (8192K)
 Metaspace       used 35666K, committed 36096K, reserved 1081344K
  class space    used 4625K, committed 4800K, reserved 1048576K
}
Event: 2.044 GC heap after
{Heap after GC invocations=13 (full 0):
 garbage-first heap   total 155648K, used 68406K [0x00000000e0000000, 0x0000000100000000)
  region size 1024K, 3 young (3072K), 3 survivors (3072K)
 Metaspace       used 35666K, committed 36096K, reserved 1081344K
  class space    used 4625K, committed 4800K, reserved 1048576K
}
Event: 2.050 GC heap before
{Heap before GC invocations=13 (full 0):
 garbage-first heap   total 155648K, used 114486K [0x00000000e0000000, 0x0000000100000000)
  region size 1024K, 49 young (50176K), 3 survivors (3072K)
 Metaspace       used 35708K, committed 36096K, reserved 1081344K
  class space    used 4629K, committed 4800K, reserved 1048576K
}
Event: 2.051 GC heap after
{Heap after GC invocations=14 (full 0):
 garbage-first heap   total 155648K, used 70265K [0x00000000e0000000, 0x0000000100000000)
  region size 1024K, 5 young (5120K), 5 survivors (5120K)
 Metaspace       used 35708K, committed 36096K, reserved 1081344K
  class space    used 4629K, committed 4800K, reserved 1048576K
}
Event: 2.053 GC heap before
{Heap before GC invocations=14 (full 0):
 garbage-first heap   total 155648K, used 76409K [0x00000000e0000000, 0x0000000100000000)
  region size 1024K, 13 young (13312K), 5 survivors (5120K)
 Metaspace       used 35725K, committed 36160K, reserved 1081344K
  class space    used 4632K, committed 4800K, reserved 1048576K
}

